
2023-11-13 01:49:06,573	[ERROR]	Token is invalid 
2023-11-13 23:45:15,695	[ERROR]	Token is invalid 
2023-11-13 23:47:51,079	[ERROR]	Token is invalid 
2023-11-13 23:52:13,865	[ERROR]	Token is invalid 
2023-11-14 00:00:48,842	[ERROR]	Token is invalid 
2023-11-14 00:00:59,561	[ERROR]	Token is invalid 
2023-11-14 09:20:39,366	[ERROR]	Record for Username: 1 not Found 
2023-11-14 09:43:39,037	[ERROR]	Token is missing 
2023-11-14 09:43:39,101	[ERROR]	Token is missing 
2023-11-14 09:43:40,556	[ERROR]	Token is missing 
2023-11-14 09:43:40,865	[ERROR]	Token is missing 
2023-11-14 09:43:41,479	[ERROR]	Token is missing 
2023-11-14 09:43:41,795	[ERROR]	Token is missing 
2023-11-14 09:43:42,482	[ERROR]	Token is missing 
2023-11-14 09:43:42,796	[ERROR]	Token is missing 
2023-11-14 09:43:54,371	[ERROR]	Token is missing 
2023-11-14 09:43:54,680	[ERROR]	Token is missing 
2023-11-14 09:44:54,289	[ERROR]	Token is missing 
2023-11-14 09:44:54,604	[ERROR]	Token is missing 
2023-11-14 09:45:23,759	[ERROR]	Token is missing 
2023-11-14 09:45:33,739	[ERROR]	Token is missing 
2023-11-14 09:45:35,446	[ERROR]	Token is missing 
2023-11-14 09:45:37,738	[ERROR]	Token is missing 
2023-11-14 09:45:40,320	[ERROR]	Token is missing 
2023-11-14 09:45:40,583	[ERROR]	Token is missing 
2023-11-14 09:47:39,076	[ERROR]	Token is missing 
2023-11-14 09:47:39,121	[ERROR]	Token is missing 
2023-11-14 09:47:52,955	[ERROR]	Token is missing 
2023-11-14 09:47:53,220	[ERROR]	Token is missing 
2023-11-14 09:48:30,643	[ERROR]	Token is missing 
2023-11-14 09:48:30,702	[ERROR]	Token is missing 
2023-11-14 09:48:49,180	[ERROR]	Token is missing 
2023-11-14 09:48:49,241	[ERROR]	Token is missing 
2023-11-14 09:49:21,814	[ERROR]	Token is missing 
2023-11-14 09:49:23,440	[ERROR]	Token is missing 
2023-11-14 09:49:32,017	[ERROR]	Token is missing 
2023-11-14 09:49:32,507	[ERROR]	Token is missing 
2023-11-14 09:49:37,517	[ERROR]	Token is missing 
2023-11-14 09:49:37,562	[ERROR]	Token is missing 
2023-11-14 09:49:51,754	[ERROR]	Token is missing 
2023-11-14 09:51:25,425	[ERROR]	Token is missing 
2023-11-14 09:51:25,737	[ERROR]	Token is missing 
2023-11-14 09:51:34,683	[ERROR]	Token is missing 
2023-11-14 09:51:34,944	[ERROR]	Token is missing 
2023-11-14 09:53:29,955	[ERROR]	Token is missing 
2023-11-14 09:53:30,002	[ERROR]	Token is missing 
2023-11-14 09:53:32,899	[ERROR]	Token is missing 
2023-11-14 09:55:25,157	[ERROR]	Token is missing 
2023-11-14 09:55:26,465	[ERROR]	Token is missing 
2023-11-14 09:55:26,787	[ERROR]	Token is missing 
2023-11-14 09:55:37,496	[ERROR]	Token is missing 
2023-11-14 09:59:06,014	[ERROR]	Token is missing 
2023-11-14 09:59:08,435	[ERROR]	Token is missing 
2023-11-14 10:00:55,021	[ERROR]	Token is missing 
2023-11-14 10:00:57,696	[ERROR]	Token is missing 
2023-11-14 10:00:58,017	[ERROR]	Token is missing 
2023-11-14 10:01:08,765	[ERROR]	Token is missing 
2023-11-14 10:01:19,634	[ERROR]	Token is missing 
2023-11-14 10:01:22,377	[ERROR]	Token is missing 
2023-11-14 10:01:22,695	[ERROR]	Token is missing 
2023-11-14 10:01:25,749	[ERROR]	Token is missing 
2023-11-14 10:07:56,299	[ERROR]	Token is missing 
2023-11-14 10:33:24,011	[ERROR]	Token is missing 
2023-11-14 10:33:25,163	[ERROR]	Token is missing 
2023-11-14 10:33:25,488	[ERROR]	Token is missing 
2023-11-14 10:34:00,773	[ERROR]	Token is missing 
2023-11-14 10:34:01,084	[ERROR]	Token is missing 
2023-11-14 10:34:20,666	[ERROR]	Token is missing 
2023-11-14 10:34:20,914	[ERROR]	Token is missing 
2023-11-14 10:34:30,181	[ERROR]	Token is missing 
2023-11-14 10:34:30,187	[ERROR]	Token is missing 
2023-11-14 10:34:33,763	[ERROR]	Token is missing 
2023-11-14 10:34:34,029	[ERROR]	Token is missing 
2023-11-14 10:34:54,451	[ERROR]	Token is missing 
2023-11-14 10:34:54,719	[ERROR]	Token is missing 
2023-11-14 10:35:10,745	[ERROR]	Token is missing 
2023-11-14 10:36:00,600	[ERROR]	Token is missing 
2023-11-14 10:36:59,073	[ERROR]	Token is missing 
2023-11-14 10:36:59,137	[ERROR]	Token is missing 
2023-11-14 10:37:06,052	[ERROR]	Token is missing 
2023-11-14 10:37:06,307	[ERROR]	Token is missing 
2023-11-14 10:37:45,766	[ERROR]	Token is missing 
2023-11-14 10:37:48,023	[ERROR]	Token is missing 
2023-11-14 10:37:48,345	[ERROR]	Token is missing 
2023-11-14 10:37:50,863	[ERROR]	Token is missing 
2023-11-14 10:37:51,173	[ERROR]	Token is missing 
2023-11-14 10:38:07,521	[ERROR]	Token is missing 
2023-11-14 10:38:08,554	[ERROR]	Token is missing 
2023-11-14 10:38:08,885	[ERROR]	Token is missing 
2023-11-14 10:38:48,267	[ERROR]	Token is missing 
2023-11-14 10:38:49,771	[ERROR]	Token is missing 
2023-11-14 10:38:50,128	[ERROR]	Token is missing 
2023-11-14 10:38:54,314	[ERROR]	Token is missing 
2023-11-14 10:38:54,579	[ERROR]	Token is missing 
2023-11-14 10:46:33,142	[ERROR]	Token is missing 
2023-11-14 10:46:33,202	[ERROR]	Token is missing 
2023-11-14 10:47:52,251	[ERROR]	Token is missing 
2023-11-14 10:47:52,299	[ERROR]	Token is missing 
2023-11-14 10:48:07,043	[ERROR]	Token is missing 
2023-11-14 10:48:07,105	[ERROR]	Token is missing 
2023-11-14 10:48:38,751	[ERROR]	Token is missing 
2023-11-14 10:48:40,800	[ERROR]	Token is missing 
2023-11-14 10:48:41,120	[ERROR]	Token is missing 
2023-11-14 10:48:51,750	[ERROR]	Token is missing 
2023-11-14 10:48:55,040	[ERROR]	Token is missing 
2023-11-14 10:48:55,347	[ERROR]	Token is missing 
2023-11-14 10:51:00,896	[ERROR]	Token is missing 
2023-11-14 10:52:49,487	[ERROR]	Token is missing 
2023-11-14 10:52:54,594	[ERROR]	Token is missing 
2023-11-14 10:53:00,751	[ERROR]	Token is missing 
2023-11-14 10:54:21,205	[ERROR]	Record for Username: connor not Found 
2023-11-14 10:54:25,333	[ERROR]	Record for Username: Connor not Found 
2023-11-14 10:54:29,780	[ERROR]	Record for Username: Connor not Found 
2023-11-15 01:30:53,150	[ERROR]	Token is invalid 
2023-11-15 01:31:20,547	[ERROR]	Token is invalid 
2023-11-15 01:32:29,073	[ERROR]	Token is invalid 
2023-11-15 02:00:14,982	[ERROR]	Token is missing 
2023-11-15 02:00:21,817	[INFO]	New Location Inserted : ID (655496b50e89355e8bc66435) 
2023-11-15 02:03:41,038	[INFO]	Location Deleted : ID (654b14f662a87a0d10e59c35) 
2023-11-15 02:05:38,165	[INFO]	New Movie Inserted : ID (655497f2f0b588f0a496fc2c) 
2023-11-15 02:06:13,735	[INFO]	Movie Deleted : ID (655497f2f0b588f0a496fc2c) 
2023-11-15 02:12:26,233	[INFO]	New Location Inserted : ID (6554998a12498418f42c3a24) 
2023-11-15 02:13:01,812	[INFO]	New Theater Inserted : ID (655499ad12498418f42c3a25) 
2023-11-15 02:13:40,540	[INFO]	Theater Deleted : ID (655499ad12498418f42c3a25) 
2023-11-15 02:13:46,731	[INFO]	New Theater Inserted : ID (655499da12498418f42c3a26) 
2023-11-15 02:15:33,915	[INFO]	Theater Seating Updated : ID (655499da12498418f42c3a26) 
2023-11-15 02:46:25,570	[INFO]	New discount Inserted : ID (6554a181670997474175c458) 
2023-11-15 02:47:18,248	[INFO]	discount Deleted : ID (6554a181670997474175c458) 
2023-11-15 02:59:57,134	[INFO]	New Showtime Inserted : ID (6554a4ac2be09837bcc2d860) 
2023-11-15 03:00:29,618	[INFO]	New Showtime Inserted : ID (6554a4cdb8dcd16006196a2e) 
2023-11-15 03:01:09,094	[INFO]	Showtime Deleted : ID (6554a4cdb8dcd16006196a2e) 
2023-11-15 03:39:04,355	[ERROR]	Token is invalid 
2023-11-15 03:39:16,522	[ERROR]	Token is invalid 
2023-11-15 03:39:40,420	[ERROR]	Token is invalid 
2023-11-15 03:39:43,494	[ERROR]	Token is invalid 
2023-11-15 03:41:00,685	[ERROR]	Token is invalid 
2023-11-15 03:42:13,567	[ERROR]	Token is invalid 
2023-11-15 03:45:08,557	[ERROR]	Token is invalid 
2023-11-15 03:48:18,514	[ERROR]	Token is invalid 
2023-11-15 03:48:34,538	[ERROR]	Token is invalid 
2023-11-15 03:49:04,074	[ERROR]	Token is invalid 
2023-11-15 03:50:12,155	[ERROR]	Token is invalid 
2023-11-15 03:50:36,978	[ERROR]	Token is invalid 
